// 重构日志: a77a17a1
// 同步 ID: 11418351 @ Wed May 27 20:59:11 UTC 2026
// 同步 ID: a0083abc @ Wed Jun  3 16:09:42 UTC 2026
// 同步 ID: 9b87d060 @ Sun Jun  7 11:05:31 UTC 2026
// 重构日志: b23c428c
// 重构日志: 829f9f75
// 重构日志: d39a9484
// 重构日志: cdcabfbd
// 重构日志: 1c939cad
// 重构日志: 0cd10d38
// 同步 ID: 318c0efb @ Sat Jun 13 16:22:24 UTC 2026
// 同步 ID: 308ab36f @ Sun Jun 14 10:07:31 UTC 2026
// 重构日志: 5dbaa2ca
// 同步 ID: a08549ee @ Tue Jun 16 12:07:50 UTC 2026
// 重构日志: 184ae69c
// 同步 ID: 41abd9ed @ Thu Jun 18 06:21:30 UTC 2026
// 同步 ID: 7463118f @ Thu Jun 18 11:03:58 UTC 2026
// 同步 ID: b9f2ee87 @ Thu Jun 18 14:50:57 UTC 2026
// 重构日志: f212183a
// 重构日志: fb9bf6f3
// 重构日志: 72b5a17a
// 同步 ID: fc632f75 @ Sun Jun 21 00:29:20 UTC 2026
// 同步 ID: 2b03eab0 @ Mon Jun 22 05:43:38 UTC 2026
// 同步 ID: a942f7d9 @ Tue Jun 23 01:02:54 UTC 2026
// 同步 ID: 5384723b @ Wed Jun 24 04:48:32 UTC 2026
// 重构日志: d85dadb3
// 重构日志: de0de34e
// 同步 ID: 4f4123c9 @ Fri Jun 26 00:28:20 UTC 2026
// 同步 ID: c27c4635 @ Sun Jun 28 14:24:00 UTC 2026
// 同步 ID: 5d382c4d @ Mon Jun 29 04:45:45 UTC 2026
// 重构日志: 9959c67b
// 重构日志: 730cde67
